  classProblem31.cpp
d:\csc-205\classproblem3-1\classproblem3-1\classproblem31.cpp(16): error C2784: 'std::basic_ostream<_Elem,_Traits> &std::operator <<(std::basic_ostream<_Elem,_Traits> &,const std::error_code &)': could not deduce template argument for 'std::basic_ostream<_Elem,_Traits> &' from 'std::basic_istream<char,std::char_traits<char>>'
  c:\program files (x86)\microsoft visual studio\2017\vc\tools\msvc\14.11.25503\include\ostream(1011): note: see declaration of 'std::operator <<'
d:\csc-205\classproblem3-1\classproblem3-1\classproblem31.cpp(16): error C2784: 'std::basic_ostream<_Elem,_Traits> &std::operator <<(std::basic_ostream<_Elem,_Traits> &&,const _Ty &)': could not deduce template argument for 'std::basic_ostream<_Elem,_Traits> &&' from 'std::basic_istream<char,std::char_traits<char>>'
  c:\program files (x86)\microsoft visual studio\2017\vc\tools\msvc\14.11.25503\include\ostream(973): note: see declaration of 'std::operator <<'
d:\csc-205\classproblem3-1\classproblem3-1\classproblem31.cpp(16): error C2784: 'std::basic_ostream<char,_Traits> &std::operator <<(std::basic_ostream<char,_Traits> &,unsigned char)': could not deduce template argument for 'std::basic_ostream<char,_Traits> &' from 'std::basic_istream<char,std::char_traits<char>>'
  c:\program files (x86)\microsoft visual studio\2017\vc\tools\msvc\14.11.25503\include\ostream(963): note: see declaration of 'std::operator <<'
d:\csc-205\classproblem3-1\classproblem3-1\classproblem31.cpp(16): error C2784: 'std::basic_ostream<char,_Traits> &std::operator <<(std::basic_ostream<char,_Traits> &,const unsigned char *)': could not deduce template argument for 'std::basic_ostream<char,_Traits> &' from 'std::basic_istream<char,std::char_traits<char>>'
  c:\program files (x86)\microsoft visual studio\2017\vc\tools\msvc\14.11.25503\include\ostream(956): note: see declaration of 'std::operator <<'
d:\csc-205\classproblem3-1\classproblem3-1\classproblem31.cpp(16): error C2784: 'std::basic_ostream<char,_Traits> &std::operator <<(std::basic_ostream<char,_Traits> &,signed char)': could not deduce template argument for 'std::basic_ostream<char,_Traits> &' from 'std::basic_istream<char,std::char_traits<char>>'
  c:\program files (x86)\microsoft visual studio\2017\vc\tools\msvc\14.11.25503\include\ostream(949): note: see declaration of 'std::operator <<'
d:\csc-205\classproblem3-1\classproblem3-1\classproblem31.cpp(16): error C2784: 'std::basic_ostream<char,_Traits> &std::operator <<(std::basic_ostream<char,_Traits> &,const signed char *)': could not deduce template argument for 'std::basic_ostream<char,_Traits> &' from 'std::basic_istream<char,std::char_traits<char>>'
  c:\program files (x86)\microsoft visual studio\2017\vc\tools\msvc\14.11.25503\include\ostream(942): note: see declaration of 'std::operator <<'
d:\csc-205\classproblem3-1\classproblem3-1\classproblem31.cpp(16): error C2784: 'std::basic_ostream<_Elem,_Traits> &std::operator <<(std::basic_ostream<_Elem,_Traits> &,_Elem)': could not deduce template argument for 'std::basic_ostream<_Elem,_Traits> &' from 'std::basic_istream<char,std::char_traits<char>>'
  c:\program files (x86)\microsoft visual studio\2017\vc\tools\msvc\14.11.25503\include\ostream(903): note: see declaration of 'std::operator <<'
d:\csc-205\classproblem3-1\classproblem3-1\classproblem31.cpp(16): error C2784: 'std::basic_ostream<_Elem,_Traits> &std::operator <<(std::basic_ostream<_Elem,_Traits> &,const _Elem *)': could not deduce template argument for 'std::basic_ostream<_Elem,_Traits> &' from 'std::basic_istream<char,std::char_traits<char>>'
  c:\program files (x86)\microsoft visual studio\2017\vc\tools\msvc\14.11.25503\include\ostream(856): note: see declaration of 'std::operator <<'
d:\csc-205\classproblem3-1\classproblem3-1\classproblem31.cpp(16): error C2784: 'std::basic_ostream<char,_Traits> &std::operator <<(std::basic_ostream<char,_Traits> &,char)': could not deduce template argument for 'std::basic_ostream<char,_Traits> &' from 'std::basic_istream<char,std::char_traits<char>>'
  c:\program files (x86)\microsoft visual studio\2017\vc\tools\msvc\14.11.25503\include\ostream(816): note: see declaration of 'std::operator <<'
d:\csc-205\classproblem3-1\classproblem3-1\classproblem31.cpp(16): error C2784: 'std::basic_ostream<char,_Traits> &std::operator <<(std::basic_ostream<char,_Traits> &,const char *)': could not deduce template argument for 'std::basic_ostream<char,_Traits> &' from 'std::basic_istream<char,std::char_traits<char>>'
  c:\program files (x86)\microsoft visual studio\2017\vc\tools\msvc\14.11.25503\include\ostream(769): note: see declaration of 'std::operator <<'
d:\csc-205\classproblem3-1\classproblem3-1\classproblem31.cpp(16): error C2784: 'std::basic_ostream<_Elem,_Traits> &std::operator <<(std::basic_ostream<_Elem,_Traits> &,char)': could not deduce template argument for 'std::basic_ostream<_Elem,_Traits> &' from 'std::basic_istream<char,std::char_traits<char>>'
  c:\program files (x86)\microsoft visual studio\2017\vc\tools\msvc\14.11.25503\include\ostream(731): note: see declaration of 'std::operator <<'
d:\csc-205\classproblem3-1\classproblem3-1\classproblem31.cpp(16): error C2784: 'std::basic_ostream<_Elem,_Traits> &std::operator <<(std::basic_ostream<_Elem,_Traits> &,const char *)': could not deduce template argument for 'std::basic_ostream<_Elem,_Traits> &' from 'std::basic_istream<char,std::char_traits<char>>'
  c:\program files (x86)\microsoft visual studio\2017\vc\tools\msvc\14.11.25503\include\ostream(684): note: see declaration of 'std::operator <<'
d:\csc-205\classproblem3-1\classproblem3-1\classproblem31.cpp(16): error C2676: binary '<<': 'std::basic_istream<char,std::char_traits<char>>' does not define this operator or a conversion to a type acceptable to the predefined operator
d:\csc-205\classproblem3-1\classproblem3-1\classproblem31.cpp(18): error C2146: syntax error: missing ';' before identifier 'cout'
